Build started 31.05.2016 13:59:16.
     1>Project "D:\Study\3 course\КПО\lab2\lab2\lab2.vcxproj" on node 2 (Build target(s)).
     1>ClCompile:
         C:\Program Files (x86)\Microsoft Visual Studio 12.0\VC\bin\CL.exe /c /Zi /nologo /W3 /WX- /sdl /O2 /Oi /Oy- /GL /D WIN32 /D NDEBUG /D _CONSOLE /D _LIB /D _UNICODE /D UNICODE /Gm- /EHsc /MD /GS /Gy /fp:precise /Zc:wchar_t /Zc:forScope /Yu"stdafx.h" /Fp"Release\lab2.pch" /Fo"Release\\" /Fd"Release\vc120.pdb" /Gd /TP /analyze- /errorReport:prompt BigNumber.cpp
         BigNumber.cpp
     1>BigNumber.cpp(51): warning C4018: '<' : signed/unsigned mismatch
     1>BigNumber.cpp(166): warning C4018: '<=' : signed/unsigned mismatch
     1>BigNumber.cpp(177): warning C4018: '<=' : signed/unsigned mismatch
     1>BigNumber.cpp(182): warning C4018: '<=' : signed/unsigned mismatch
     1>BigNumber.cpp(254): warning C4018: '<' : signed/unsigned mismatch
     1>BigNumber.cpp(256): warning C4018: '<' : signed/unsigned mismatch
     1>BigNumber.cpp(405): warning C4018: '<' : signed/unsigned mismatch
     1>BigNumber.cpp(462): warning C4018: '<' : signed/unsigned mismatch
       Link:
         C:\Program Files (x86)\Microsoft Visual Studio 12.0\VC\bin\link.exe /ERRORREPORT:PROMPT /OUT:"D:\Study\3 course\КПО\lab2\Release\lab2.exe" /INCREMENTAL:NO /NOLOGO kernel32.lib user32.lib gdi32.lib winspool.lib comdlg32.lib advapi32.lib shell32.lib ole32.lib oleaut32.lib uuid.lib odbc32.lib odbccp32.lib /MANIFEST /MANIFESTUAC:"level='asInvoker' uiAccess='false'" /manifest:embed /DEBUG /PDB:"D:\Study\3 course\КПО\lab2\Release\lab2.pdb" /SUBSYSTEM:CONSOLE /OPT:REF /OPT:ICF /LTCG /TLBID:1 /DYNAMICBASE /NXCOMPAT /IMPLIB:"D:\Study\3 course\КПО\lab2\Release\lab2.lib" /MACHINE:X86 /SAFESEH Release\BigNumber.obj
         Release\lab2.obj
         Release\stdafx.obj
         Generating code
         Finished generating code
         lab2.vcxproj -> D:\Study\3 course\КПО\lab2\Release\lab2.exe
     1>Done Building Project "D:\Study\3 course\КПО\lab2\lab2\lab2.vcxproj" (Build target(s)).

Build succeeded.

Time Elapsed 00:00:02.23
