Build started 13.05.2016 11:37:00.
     1>Project "F:\Study\3 course\КПО\Lab3\Lab1\Lab1.vcxproj" on node 2 (Build target(s)).
     1>ClCompile:
         C:\Program Files\Microsoft Visual Studio 12.0\VC\bin\CL.exe /c /Zi /nologo /W3 /WX- /sdl /O2 /Oi /Oy- /GL /D WIN32 /D NDEBUG /D _CONSOLE /D _LIB /D _UNICODE /D UNICODE /Gm- /EHsc /MD /GS /Gy /fp:precise /Zc:wchar_t /Zc:forScope /Yc"stdafx.h" /Fp"Release\Lab1.pch" /Fo"Release\\" /Fd"Release\vc120.pdb" /Gd /TP /analyze- /errorReport:prompt stdafx.cpp
         stdafx.cpp
         C:\Program Files\Microsoft Visual Studio 12.0\VC\bin\CL.exe /c /Zi /nologo /W3 /WX- /sdl /O2 /Oi /Oy- /GL /D WIN32 /D NDEBUG /D _CONSOLE /D _LIB /D _UNICODE /D UNICODE /Gm- /EHsc /MD /GS /Gy /fp:precise /Zc:wchar_t /Zc:forScope /Yu"stdafx.h" /Fp"Release\Lab1.pch" /Fo"Release\\" /Fd"Release\vc120.pdb" /Gd /TP /analyze- /errorReport:prompt Circle.cpp Lab1.cpp MyFunctions.cpp Rectangle.cpp Shape.cpp Triangle.cpp
         Circle.cpp
         Lab1.cpp
         MyFunctions.cpp
         Rectangle.cpp
         Shape.cpp
         Triangle.cpp
       Link:
         C:\Program Files\Microsoft Visual Studio 12.0\VC\bin\link.exe /ERRORREPORT:PROMPT /OUT:"F:\Study\3 course\КПО\Lab3\Release\Lab1.exe" /INCREMENTAL:NO /NOLOGO kernel32.lib user32.lib gdi32.lib winspool.lib comdlg32.lib advapi32.lib shell32.lib ole32.lib oleaut32.lib uuid.lib odbc32.lib odbccp32.lib /MANIFEST /MANIFESTUAC:"level='asInvoker' uiAccess='false'" /manifest:embed /DEBUG /PDB:"F:\Study\3 course\КПО\Lab3\Release\Lab1.pdb" /SUBSYSTEM:CONSOLE /OPT:REF /OPT:ICF /LTCG /TLBID:1 /DYNAMICBASE /NXCOMPAT /IMPLIB:"F:\Study\3 course\КПО\Lab3\Release\Lab1.lib" /MACHINE:X86 /SAFESEH Release\Circle.obj
         Release\Lab1.obj
         Release\MyFunctions.obj
         Release\Rectangle.obj
         Release\Shape.obj
         Release\stdafx.obj
         Release\Triangle.obj
         Generating code
     1>f:\study\3 course\кпо\lab3\lab1\lab1.cpp(31): warning C4715: 'GetFiguresName' : not all control paths return a value
         Finished generating code
         Lab1.vcxproj -> F:\Study\3 course\КПО\Lab3\Release\Lab1.exe
     1>Done Building Project "F:\Study\3 course\КПО\Lab3\Lab1\Lab1.vcxproj" (Build target(s)).

Build succeeded.

Time Elapsed 00:00:20.22
